\BOOKMARK [0][-]{MUTESCHAPTER.1.0}{\376\377\000S\000u\000m\000\341\000r\000i\000o}{}% 1
\BOOKMARK [0][-]{CHAPTER.1}{\376\377\0001\000\040\000I\000n\000t\000r\000o\000d\000u\000\347\000\343\000o}{}% 2
\BOOKMARK [1][-]{section.1.1}{\376\377\0001\000.\0001\000\040\000T\000y\000p\000e\000S\000c\000r\000i\000p\000t}{CHAPTER.1}% 3
\BOOKMARK [1][-]{section.1.2}{\376\377\0001\000.\0002\000\040\000P\000a\000r\000a\000d\000i\000g\000m\000a\000\040\000f\000u\000n\000c\000i\000o\000n\000a\000l}{CHAPTER.1}% 4
\BOOKMARK [1][-]{section.1.3}{\376\377\0001\000.\0003\000\040\000P\000a\000r\000a\000d\000i\000g\000m\000a\000\040\000o\000r\000i\000e\000n\000t\000a\000d\000o\000\040\000a\000\040\000o\000b\000j\000e\000t\000o\000s}{CHAPTER.1}% 5
\BOOKMARK [0][-]{CHAPTER.2}{\376\377\0002\000\040\000V\000i\000s\000\343\000o\000\040\000g\000e\000r\000a\000l\000\040\000d\000a\000\040\000l\000i\000n\000g\000u\000a\000g\000e\000m}{}% 6
\BOOKMARK [0][-]{CHAPTER.3}{\376\377\0003\000\040\000A\000p\000r\000e\000s\000e\000n\000t\000a\000\347\000\343\000o\000\040\000d\000o\000\040\000p\000r\000o\000b\000l\000e\000m\000a}{}% 7
\BOOKMARK [0][-]{CHAPTER.4}{\376\377\0004\000\040\000A\000b\000o\000r\000d\000a\000g\000e\000m\000\040\000o\000r\000i\000e\000n\000t\000a\000d\000a\000\040\000a\000\040\000o\000b\000j\000e\000t\000o\000s}{}% 8
\BOOKMARK [1][-]{section.4.1}{\376\377\0004\000.\0001\000\040\000C\000l\000a\000s\000s\000e\000s}{CHAPTER.4}% 9
\BOOKMARK [1][-]{section.4.2}{\376\377\0004\000.\0002\000\040\000E\000n\000c\000a\000p\000s\000u\000l\000a\000m\000e\000n\000t\000o}{CHAPTER.4}% 10
\BOOKMARK [1][-]{section.4.3}{\376\377\0004\000.\0003\000\040\000C\000o\000n\000s\000t\000r\000u\000t\000o\000r\000e\000s}{CHAPTER.4}% 11
\BOOKMARK [1][-]{section.4.4}{\376\377\0004\000.\0004\000\040\000D\000e\000s\000t\000r\000u\000t\000o\000r\000e\000s}{CHAPTER.4}% 12
\BOOKMARK [1][-]{section.4.5}{\376\377\0004\000.\0005\000\040\000P\000o\000l\000i\000m\000o\000r\000f\000i\000s\000m\000o\000\040\000p\000o\000r\000\040\000i\000n\000c\000l\000u\000s\000\343\000o}{CHAPTER.4}% 13
\BOOKMARK [1][-]{section.4.6}{\376\377\0004\000.\0006\000\040\000P\000o\000l\000i\000m\000o\000r\000f\000i\000s\000m\000o\000\040\000p\000o\000r\000\040\000s\000o\000b\000r\000e\000c\000a\000r\000g\000a}{CHAPTER.4}% 14
\BOOKMARK [0][-]{CHAPTER.5}{\376\377\0005\000\040\000A\000b\000o\000r\000d\000a\000g\000e\000m\000\040\000f\000u\000n\000c\000i\000o\000n\000a\000l}{}% 15
\BOOKMARK [1][-]{section.5.1}{\376\377\0005\000.\0001\000\040\000F\000u\000n\000\347\000\365\000e\000s\000\040\000L\000a\000m\000b\000d\000a}{CHAPTER.5}% 16
\BOOKMARK [1][-]{section.5.2}{\376\377\0005\000.\0002\000\040\000C\000u\000r\000r\000y\000i\000n\000g}{CHAPTER.5}% 17
\BOOKMARK [1][-]{section.5.3}{\376\377\0005\000.\0003\000\040\000P\000a\000t\000t\000e\000r\000n\000\040\000M\000a\000t\000c\000h\000i\000n\000g}{CHAPTER.5}% 18
\BOOKMARK [1][-]{section.5.4}{\376\377\0005\000.\0004\000\040\000F\000u\000n\000\347\000\365\000e\000s\000\040\000d\000e\000\040\000o\000r\000d\000e\000m\000\040\000m\000a\000i\000o\000r}{CHAPTER.5}% 19
\BOOKMARK [1][-]{section.5.5}{\376\377\0005\000.\0005\000\040\000F\000u\000n\000\347\000\365\000e\000s\000\040\000d\000e\000\040\000o\000r\000d\000e\000m\000\040\000m\000a\000i\000o\000r\000\040\000p\000r\000o\000n\000t\000a\000s}{CHAPTER.5}% 20
\BOOKMARK [1][-]{section.5.6}{\376\377\0005\000.\0006\000\040\000F\000u\000n\000\347\000\365\000e\000s\000\040\000d\000e\000\040\000p\000r\000i\000m\000e\000i\000r\000a\000\040\000o\000r\000d\000e\000m}{CHAPTER.5}% 21
\BOOKMARK [1][-]{section.5.7}{\376\377\0005\000.\0007\000\040\000R\000e\000c\000u\000r\000s\000\343\000o}{CHAPTER.5}% 22
\BOOKMARK [0][-]{CHAPTER.6}{\376\377\0006\000\040\000A\000n\000\341\000l\000i\000s\000e\000\040\000c\000r\000\355\000t\000i\000c\000a}{}% 23
\BOOKMARK [0][-]{CHAPTER.7}{\376\377\0007\000\040\000C\000o\000n\000c\000l\000u\000s\000\343\000o}{}% 24
\BOOKMARK [1][-]{section.7.1}{\376\377\0007\000.\0001\000\040\000A\000b\000o\000r\000d\000a\000g\000e\000m\000\040\000o\000r\000i\000e\000n\000t\000a\000d\000a\000\040\000a\000\040\000o\000b\000j\000e\000t\000o\000s}{CHAPTER.7}% 25
